<?xml version="1.0" encoding="UTF-8"?>
<!-- Generated by org.testng.reporters.JUnitReportReporter -->
<testsuite skipped="0" hostname="DESKTOP-CSA2B2U" name="tests.SearchRecords" tests="2" failures="0" timestamp="07 Feb 2019 05:52:16 GMT" time="1.263" errors="0">
  <testcase name="searchRecordByDepartment" time="0.626" classname="tests.SearchRecords"/>
  <testcase name="searchRecordsByStatus" time="0.637" classname="tests.SearchRecords"/>
</testsuite> <!-- tests.SearchRecords -->
