<?xml version="1.0" encoding="UTF-8"?>
<!-- Generated by org.testng.reporters.JUnitReportReporter -->
<testsuite skipped="0" hostname="DESKTOP-CSA2B2U" name="pageObjects.Home_Page" tests="5" failures="0" timestamp="07 Feb 2019 05:31:18 GMT" time="1.330" errors="0">
  <testcase name="verifyAddRecord" time="0.918" classname="pageObjects.Home_Page"/>
  <testcase name="verifybuttonDisabled" time="0.071" classname="pageObjects.Home_Page"/>
  <testcase name="verifyStatistics" time="0.094" classname="pageObjects.Home_Page"/>
  <testcase name="verifyHomepage" time="0.025" classname="pageObjects.Home_Page"/>
  <testcase name="verifyeditIcon" time="0.222" classname="pageObjects.Home_Page"/>
</testsuite> <!-- pageObjects.Home_Page -->
