<?xml version="1.0" encoding="UTF-8"?>
<!-- Generated by org.testng.reporters.JUnitReportReporter -->
<testsuite skipped="0" hostname="DESKTOP-CSA2B2U" name="tests.HomePage" tests="5" failures="0" timestamp="07 Feb 2019 05:52:16 GMT" time="0.429" errors="0">
  <testcase name="verifyAddRecord" time="0.093" classname="tests.HomePage"/>
  <testcase name="verifybuttonDisabled" time="0.047" classname="tests.HomePage"/>
  <testcase name="verifyeditIcon" time="0.172" classname="tests.HomePage"/>
  <testcase name="verifyHomepage" time="0.016" classname="tests.HomePage"/>
  <testcase name="verifyStatistics" time="0.101" classname="tests.HomePage"/>
</testsuite> <!-- tests.HomePage -->
